<?xml version="1.0" encoding="UTF-8"?>
<!-- Generated by org.testng.reporters.JUnitReportReporter -->
<testsuite hostname="DESKTOP-R9IDS26" failures="0" tests="1" name="Com.Actitime.TestScripts.CreateCustomer" time="13.906" errors="0" timestamp="2024-08-21T09:00:57 IST" skipped="0">
  <testcase classname="Com.Actitime.TestScripts.CreateCustomer" name="createCustomer" time="13.906"/>
  <system-out>
    <![CDATA[Testscript Passed Successfully]]>
  </system-out>
</testsuite> <!-- Com.Actitime.TestScripts.CreateCustomer -->
